{
    "stats": {
      "suites": 3,
      "tests": 17,
      "passes": 17,
      "pending": 0,
      "failures": 0,
      "start": "2019-11-10T23:20:58.854Z",
      "end": "2019-11-10T23:20:58.854Z",
      "duration": 104866,
      "testsRegistered": 17,
      "passPercent": 100,
      "pendingPercent": 0,
      "other": 0,
      "hasOther": false,
      "skipped": 0,
      "hasSkipped": false
    },
    "results": [
      {
        "uuid": "2c507c02-23e7-414f-9128-da0dcd3de5fc",
        "title": "",
        "fullFile": "",
        "file": "",
        "beforeHooks": [],
        "afterHooks": [],
        "tests": [],
        "suites": [
          {
            "uuid": "8556243e-43ca-499c-8a9d-db87f7d82a9f",
            "title": "Invision Studio Tests - Channel",
            "fullFile": "",
            "file": "",
            "beforeHooks": [],
            "afterHooks": [],
            "tests": [
              {
                "title": "Launch And Login To Invision",
                "fullTitle": "Invision Studio Tests - Channel Launch And Login To Invision",
                "timedOut": null,
                "duration": 10553,
                "state": "passed",
                "speed": "slow",
                "pass": true,
                "fail": false,
                "pending": false,
                "context": null,
                "code": "cy.invLogin(this.ChannelTestData.url, this.ChannelTestData.Username, this.ChannelTestData.Password);",
                "err": {},
                "uuid": "f3e8f3af-3920-40ae-a0ad-c6314187bbe2",
                "parentUUID": "8556243e-43ca-499c-8a9d-db87f7d82a9f",
                "isHook": false,
                "skipped": false
              },
              {
                "title": "Selecting Studio Option From Menu",
                "fullTitle": "Invision Studio Tests - Channel Selecting Studio Option From Menu",
                "timedOut": null,
                "duration": 8622,
                "state": "passed",
                "speed": "slow",
                "pass": true,
                "fail": false,
                "pending": false,
                "context": null,
                "code": "cy.selectStudio();",
                "err": {},
                "uuid": "b66ee3ae-98ea-440e-a929-90589d84af6c",
                "parentUUID": "8556243e-43ca-499c-8a9d-db87f7d82a9f",
                "isHook": false,
                "skipped": false
              },
              {
                "title": "Clicking On The Channel Sub Menu",
                "fullTitle": "Invision Studio Tests - Channel Clicking On The Channel Sub Menu",
                "timedOut": null,
                "duration": 2333,
                "state": "passed",
                "speed": "slow",
                "pass": true,
                "fail": false,
                "pending": false,
                "context": null,
                "code": "cy.clickChannelSubMenu();",
                "err": {},
                "uuid": "b4ff2bae-77cd-4d83-a5ad-118b80304b80",
                "parentUUID": "8556243e-43ca-499c-8a9d-db87f7d82a9f",
                "isHook": false,
                "skipped": false
              },
              {
                "title": "Searching For A Channel",
                "fullTitle": "Invision Studio Tests - Channel Searching For A Channel",
                "timedOut": null,
                "duration": 2372,
                "state": "passed",
                "speed": "slow",
                "pass": true,
                "fail": false,
                "pending": false,
                "context": null,
                "code": "cy.searchChannel(this.ChannelTestData.ChannelName);",
                "err": {},
                "uuid": "1fd24ff4-e6a1-4124-ad93-d1b0ff4dfa2d",
                "parentUUID": "8556243e-43ca-499c-8a9d-db87f7d82a9f",
                "isHook": false,
                "skipped": false
              },
              {
                "title": "Clicking On The Channel Link",
                "fullTitle": "Invision Studio Tests - Channel Clicking On The Channel Link",
                "timedOut": null,
                "duration": 2266,
                "state": "passed",
                "speed": "slow",
                "pass": true,
                "fail": false,
                "pending": false,
                "context": null,
                "code": "if (cy.xpath(\"//div[@class='u-flex u-flexMiddle u-flexSpaced']\").should('exist')) {\n  cy.xpath(\"//div[@class='u-flex u-flexMiddle u-flexSpaced']\").should('have.length', 3);\n  cy.xpath(\"//div[@class='u-flex u-flexMiddle u-flexSpaced']\").each(function ($el, index, $list) {\n    var chnlName = $el.find('a.ng-binding.ng-isolate-scope.c-smartTruncate.is-truncated').text();\n    cy.log(chnlName);\n    if (chnlName.includes('Chicago')) {\n      cy.contains('ABC (Chicago)').click();\n    }\n  });\n  cy.wait(2000);\n  cy.xpath(\"//div[@class='c-heading-label ng-binding']\").should('have.text', 'General Information'); //Validation Using Jquery\n  cy.xpath(\"//div[@class='c-heading-label ng-binding']\").then(function (strtext) {\n    cy.log(strtext.text());\n  });\n  cy.xpath(\"//div[@class='c-button c-button--icon ng-scope ng-isolate-scope']\").should('exist');\n  cy.xpath(\"//button[@class='c-button c-button--primary ng-binding']\").should('exist');\n  cy.xpath(\"//open-new-window[@class='ng-isolate-scope']\").should('exist');\n}",
                "err": {},
                "uuid": "023dc445-1f4b-4403-a222-657af9d1cb9e",
                "parentUUID": "8556243e-43ca-499c-8a9d-db87f7d82a9f",
                "isHook": false,
                "skipped": false
              },
              {
                "title": "Logging Out Of Invision",
                "fullTitle": "Invision Studio Tests - Channel Logging Out Of Invision",
                "timedOut": null,
                "duration": 3052,
                "state": "passed",
                "speed": "slow",
                "pass": true,
                "fail": false,
                "pending": false,
                "context": null,
                "code": "cy.invLogout();",
                "err": {},
                "uuid": "2285e5d5-c00d-4446-bc87-7740152c7c00",
                "parentUUID": "8556243e-43ca-499c-8a9d-db87f7d82a9f",
                "isHook": false,
                "skipped": false
              }
            ],
            "suites": [],
            "passes": [
              "f3e8f3af-3920-40ae-a0ad-c6314187bbe2",
              "b66ee3ae-98ea-440e-a929-90589d84af6c",
              "b4ff2bae-77cd-4d83-a5ad-118b80304b80",
              "1fd24ff4-e6a1-4124-ad93-d1b0ff4dfa2d",
              "023dc445-1f4b-4403-a222-657af9d1cb9e",
              "2285e5d5-c00d-4446-bc87-7740152c7c00"
            ],
            "failures": [],
            "pending": [],
            "skipped": [],
            "duration": 29198,
            "root": false,
            "rootEmpty": false,
            "_timeout": 2000
          }
        ],
        "passes": [],
        "failures": [],
        "pending": [],
        "skipped": [],
        "duration": 0,
        "root": true,
        "rootEmpty": true,
        "_timeout": 2000
      },
      {
        "uuid": "b6657f39-336a-4ee0-bd8d-97a294dd9f4e",
        "title": "",
        "fullFile": "",
        "file": "",
        "beforeHooks": [],
        "afterHooks": [],
        "tests": [],
        "suites": [
          {
            "uuid": "e2f9727a-4790-4f95-9aeb-62c12cab824a",
            "title": "Invision Studio Tests - Products",
            "fullFile": "",
            "file": "",
            "beforeHooks": [],
            "afterHooks": [],
            "tests": [
              {
                "title": "Launch And Login To Invision",
                "fullTitle": "Invision Studio Tests - Products Launch And Login To Invision",
                "timedOut": null,
                "duration": 9740,
                "state": "passed",
                "speed": "slow",
                "pass": true,
                "fail": false,
                "pending": false,
                "context": null,
                "code": "cy.invLogin(this.ProductTestData.url, this.ProductTestData.Username, this.ProductTestData.Password);",
                "err": {},
                "uuid": "4ae3802f-3b74-4c15-af94-d86b5c9c756d",
                "parentUUID": "e2f9727a-4790-4f95-9aeb-62c12cab824a",
                "isHook": false,
                "skipped": false
              },
              {
                "title": "Selecting Studio Option From Menu",
                "fullTitle": "Invision Studio Tests - Products Selecting Studio Option From Menu",
                "timedOut": null,
                "duration": 10862,
                "state": "passed",
                "speed": "slow",
                "pass": true,
                "fail": false,
                "pending": false,
                "context": null,
                "code": "cy.selectStudio();",
                "err": {},
                "uuid": "f55f2855-ece7-4326-9b53-d7e6e54ab4bd",
                "parentUUID": "e2f9727a-4790-4f95-9aeb-62c12cab824a",
                "isHook": false,
                "skipped": false
              },
              {
                "title": "Clicking On The products Sub Menu",
                "fullTitle": "Invision Studio Tests - Products Clicking On The products Sub Menu",
                "timedOut": null,
                "duration": 2236,
                "state": "passed",
                "speed": "slow",
                "pass": true,
                "fail": false,
                "pending": false,
                "context": null,
                "code": "cy.clickProductSubMenu();",
                "err": {},
                "uuid": "0e79c695-74df-48ac-9f63-b3e8f5cb6b07",
                "parentUUID": "e2f9727a-4790-4f95-9aeb-62c12cab824a",
                "isHook": false,
                "skipped": false
              },
              {
                "title": "Searching For A Product And Clicking On The Product Link",
                "fullTitle": "Invision Studio Tests - Products Searching For A Product And Clicking On The Product Link",
                "timedOut": null,
                "duration": 15577,
                "state": "passed",
                "speed": "slow",
                "pass": true,
                "fail": false,
                "pending": false,
                "context": null,
                "code": "this.ProductTestData.Productname.forEach(function (element) {\n  cy.searchProduct(element);\n  cy.wait(1000);\n  if (cy.xpath(\"//a[@class='ng-binding ng-scope ng-isolate-scope c-smartTruncate is-truncated']\").should('exist')) {\n    cy.xpath(\"//a[@class='ng-binding ng-scope ng-isolate-scope c-smartTruncate is-truncated']\").click();\n    cy.wait(2000);\n    cy.xpath(\"//div[@class='c-heading-label ng-binding']\").should('have.text', 'General Information');\n    cy.xpath(\"//div[@class='c-button c-button--icon ng-scope ng-isolate-scope']\").should('exist');\n    cy.xpath(\"//div[@class='c-button c-button--primary ng-binding ng-scope']\").should('exist');\n    cy.xpath(\"//div[@class='c-openNewWindow']\").should('exist'); //cy.pause()\n    // Navigating Back to Products\n    cy.xpath(\"//div[@class='c-breadcrumb ng-binding']\").should('exist');\n    cy.xpath(\"//div[@class='c-breadcrumb ng-binding']\").click();\n    cy.wait(1000);\n    cy.xpath(\"//inv-icon[@class='c-erasableInput-icon ng-isolate-scope']//*[@class='c-icon']\").click();\n  }\n});",
                "err": {},
                "uuid": "7e50fffa-f4f6-4a1c-b31f-e6186c1e9ddd",
                "parentUUID": "e2f9727a-4790-4f95-9aeb-62c12cab824a",
                "isHook": false,
                "skipped": false
              },
              {
                "title": "Logging Out Of Invision",
                "fullTitle": "Invision Studio Tests - Products Logging Out Of Invision",
                "timedOut": null,
                "duration": 4753,
                "state": "passed",
                "speed": "slow",
                "pass": true,
                "fail": false,
                "pending": false,
                "context": null,
                "code": "cy.invLogout();",
                "err": {},
                "uuid": "d6aeffa0-e11f-48b6-83ae-1f085c088f4e",
                "parentUUID": "e2f9727a-4790-4f95-9aeb-62c12cab824a",
                "isHook": false,
                "skipped": false
              }
            ],
            "suites": [],
            "passes": [
              "4ae3802f-3b74-4c15-af94-d86b5c9c756d",
              "f55f2855-ece7-4326-9b53-d7e6e54ab4bd",
              "0e79c695-74df-48ac-9f63-b3e8f5cb6b07",
              "7e50fffa-f4f6-4a1c-b31f-e6186c1e9ddd",
              "d6aeffa0-e11f-48b6-83ae-1f085c088f4e"
            ],
            "failures": [],
            "pending": [],
            "skipped": [],
            "duration": 43168,
            "root": false,
            "rootEmpty": false,
            "_timeout": 2000
          }
        ],
        "passes": [],
        "failures": [],
        "pending": [],
        "skipped": [],
        "duration": 0,
        "root": true,
        "rootEmpty": true,
        "_timeout": 2000
      },
      {
        "uuid": "2e607573-f07d-48e8-9461-d0c140ad3d82",
        "title": "",
        "fullFile": "",
        "file": "",
        "beforeHooks": [],
        "afterHooks": [],
        "tests": [],
        "suites": [
          {
            "uuid": "1f56d202-13c7-44b8-855b-02ae3dc6cdb9",
            "title": "Invision Customer Care Module - Subscriber Search",
            "fullFile": "",
            "file": "",
            "beforeHooks": [],
            "afterHooks": [],
            "tests": [
              {
                "title": "Launch And Login To Invision",
                "fullTitle": "Invision Customer Care Module - Subscriber Search Launch And Login To Invision",
                "timedOut": null,
                "duration": 10174,
                "state": "passed",
                "speed": "slow",
                "pass": true,
                "fail": false,
                "pending": false,
                "context": null,
                "code": "var loginPage = new _LoginPage[\"default\"]();\ncy.visit('https://qa10.invision.ascendon.tv/login');\ncy.wait(2000);\nloginPage.loginTextBox().should('exist');\nloginPage.loginTextBox().type('madman02');\nloginPage.loginPageNextBtn().should('have.text', 'Next');\nloginPage.loginPageNextBtn().click();\nloginPage.passwordTextBox().should('exist');\nloginPage.passwordTextBox().type('Mannu@1987');\nloginPage.loginBtn().should('exist');\nloginPage.loginBtn().click();\ncy.log('Invision Login Successful');\ncy.wait(3000);",
                "err": {},
                "uuid": "1130e770-44de-42b1-af92-e7b81d22869f",
                "parentUUID": "1f56d202-13c7-44b8-855b-02ae3dc6cdb9",
                "isHook": false,
                "skipped": false
              },
              {
                "title": "Click On Menu Icon",
                "fullTitle": "Invision Customer Care Module - Subscriber Search Click On Menu Icon",
                "timedOut": null,
                "duration": 4422,
                "state": "passed",
                "speed": "slow",
                "pass": true,
                "fail": false,
                "pending": false,
                "context": null,
                "code": "cy.xpath(\"//div[@class='c-header-section c-header-logo ng-isolate-scope is-selectable c-header-menu']\").should('exist');\ncy.xpath(\"//div[@class='c-header-section c-header-logo ng-isolate-scope is-selectable c-header-menu']\").click('bottomRight');\ncy.log('Clicked On The Menu Icon On The Landing Page');\ncy.wait(2000);\ncy.xpath(\"//div[@class='c-popoutAppSwitcher-item c-popoutAppSwitcher-item--customerCare is-active']//*[@class='c-icon']\").click();",
                "err": {},
                "uuid": "5f557420-a811-486c-9423-5ba41fdfdf9c",
                "parentUUID": "1f56d202-13c7-44b8-855b-02ae3dc6cdb9",
                "isHook": false,
                "skipped": false
              },
              {
                "title": "Searching For A Subscriber",
                "fullTitle": "Invision Customer Care Module - Subscriber Search Searching For A Subscriber",
                "timedOut": null,
                "duration": 4685,
                "state": "passed",
                "speed": "slow",
                "pass": true,
                "fail": false,
                "pending": false,
                "context": null,
                "code": "cy.xpath('//div[@class=\"c-callToAction-label ng-binding\"]').should('have.text', 'Welcome to Ascendon Customer Care');\ncy.get('#navigator-item-search > .c-navigatorItem-faceplate > .c-navigatorItem-icon > .c-icon').should('exist');\ncy.get('#navigator-item-search > .c-navigatorItem-faceplate > .c-navigatorItem-icon > .c-icon').click();\ncy.log('Clicked On The Search Icon On The Customer Page');\ncy.wait(2000);\ncy.xpath(\"//form[@id='customerSearchForm']//div[@class='c-searchPanel-header l-vertical-noShrink']\").should('exist');\ncy.xpath(\"//form[@id='customerSearchForm']//div[@class='c-searchPanel-header l-vertical-noShrink']\").should('contain.text', 'SEARCH');",
                "err": {},
                "uuid": "ef68d420-2945-476c-b5a0-428bce0e524e",
                "parentUUID": "1f56d202-13c7-44b8-855b-02ae3dc6cdb9",
                "isHook": false,
                "skipped": false
              },
              {
                "title": "Enter Subscriber Id And Click Search",
                "fullTitle": "Invision Customer Care Module - Subscriber Search Enter Subscriber Id And Click Search",
                "timedOut": null,
                "duration": 3144,
                "state": "passed",
                "speed": "slow",
                "pass": true,
                "fail": false,
                "pending": false,
                "context": null,
                "code": "cy.get('#subscriberId').should('exist');\ncy.get('#subscriberId').type('347507');\ncy.log('Entered Subscriber id Successfully');\ncy.get('.c-searchPanel-actions > .c-button').should('exist');\ncy.get('.c-searchPanel-actions > .c-button').click();\ncy.wait(2000);\ncy.get('.c-navGroup-navList > .c-link').should('contain.text', 'maneesh.maddala@csgi.com');\ncy.log('The Email Address verified Successfully');",
                "err": {},
                "uuid": "f8f52808-aabd-44ba-b7e0-ac4e4406463e",
                "parentUUID": "1f56d202-13c7-44b8-855b-02ae3dc6cdb9",
                "isHook": false,
                "skipped": false
              },
              {
                "title": "Ordering A New Product",
                "fullTitle": "Invision Customer Care Module - Subscriber Search Ordering A New Product",
                "timedOut": null,
                "duration": 6409,
                "state": "passed",
                "speed": "slow",
                "pass": true,
                "fail": false,
                "pending": false,
                "context": null,
                "code": "cy.get('.c-navGroup-navList > :nth-child(1) > .ng-binding').should('exist');\ncy.get('.c-navGroup-navList > :nth-child(1) > .ng-binding').should('contain.text', 'Start Product Order');\ncy.get('.c-navGroup-navList > :nth-child(1) > .ng-binding').click();\ncy.log('Successfully Clicked On Start Product order Link');\ncy.wait(1000);\ncy.get('.c-searchForm-searchInput').type('Interstellar');\ncy.wait(1000);\ncy.xpath(\"//button[@class='c-selectButton u-ml+ ng-binding'][contains(.,'Go')]\").click();\ncy.log('Successfully Clicked On Go Button On The Products Page');\ncy.wait(2000);",
                "err": {},
                "uuid": "6d24ca79-be47-4a20-a16c-008d1524b9ca",
                "parentUUID": "1f56d202-13c7-44b8-855b-02ae3dc6cdb9",
                "isHook": false,
                "skipped": false
              },
              {
                "title": "Logging Out Of Invision",
                "fullTitle": "Invision Customer Care Module - Subscriber Search Logging Out Of Invision",
                "timedOut": null,
                "duration": 3666,
                "state": "passed",
                "speed": "slow",
                "pass": true,
                "fail": false,
                "pending": false,
                "context": null,
                "code": "cy.xpath(\"//div[@class='c-button c-button--icon c-header-menu c-header-action l-centerBoth u-sizeFull']//*[@class='c-icon']\").click();\ncy.xpath(\"//div[contains(text(),'Logout')]\").click();\ncy.log('Clicked On The Logout Link Successfully');\ncy.get('.c-brand-logo').should('exist');\ncy.log('Logged out Of Invision Successfully');",
                "err": {},
                "uuid": "2819371e-9e00-4801-9da2-3b442f5778c6",
                "parentUUID": "1f56d202-13c7-44b8-855b-02ae3dc6cdb9",
                "isHook": false,
                "skipped": false
              }
            ],
            "suites": [],
            "passes": [
              "1130e770-44de-42b1-af92-e7b81d22869f",
              "5f557420-a811-486c-9423-5ba41fdfdf9c",
              "ef68d420-2945-476c-b5a0-428bce0e524e",
              "f8f52808-aabd-44ba-b7e0-ac4e4406463e",
              "6d24ca79-be47-4a20-a16c-008d1524b9ca",
              "2819371e-9e00-4801-9da2-3b442f5778c6"
            ],
            "failures": [],
            "pending": [],
            "skipped": [],
            "duration": 32500,
            "root": false,
            "rootEmpty": false,
            "_timeout": 2000
          }
        ],
        "passes": [],
        "failures": [],
        "pending": [],
        "skipped": [],
        "duration": 0,
        "root": true,
        "rootEmpty": true,
        "_timeout": 2000
      }
    ],
    "meta": {
      "mocha": {
        "version": "5.2.0"
      },
      "mochawesome": {
        "options": {
          "quiet": false,
          "reportFilename": "mochawesome",
          "saveHtml": false,
          "saveJson": true,
          "consoleReporter": "spec",
          "useInlineDiffs": false
        },
        "version": "4.1.0"
      },
      "marge": {
        "options": {
          "reportDir": "cypress/results/mochawesome-report",
          "overwrite": false,
          "html": false,
          "json": true,
          "timestamp": "mmddyyyy_HHMMss"
        },
        "version": "4.0.1"
      }
    }
  }
  