{
  "stats": {
    "suites": 1,
    "tests": 5,
    "passes": 5,
    "pending": 0,
    "failures": 0,
    "start": "2019-11-11T00:54:58.466Z",
    "end": "2019-11-11T00:55:38.611Z",
    "duration": 40145,
    "testsRegistered": 5,
    "passPercent": 100,
    "pendingPercent": 0,
    "other": 0,
    "hasOther": false,
    "skipped": 0,
    "hasSkipped": false
  },
  "results": [
    {
      "uuid": "5c6b576a-ff94-4f24-a3a9-cc044a01202f",
      "title": "",
      "fullFile": "",
      "file": "",
      "beforeHooks": [],
      "afterHooks": [],
      "tests": [],
      "suites": [
        {
          "uuid": "ae143038-d995-49b7-90ff-191a2b24485a",
          "title": "Invision Studio Tests - Products",
          "fullFile": "",
          "file": "",
          "beforeHooks": [],
          "afterHooks": [],
          "tests": [
            {
              "title": "Launch And Login To Invision",
              "fullTitle": "Invision Studio Tests - Products Launch And Login To Invision",
              "timedOut": null,
              "duration": 9788,
              "state": "passed",
              "speed": "slow",
              "pass": true,
              "fail": false,
              "pending": false,
              "context": null,
              "code": "cy.invLogin(this.ProductTestData.url, this.ProductTestData.Username, this.ProductTestData.Password);",
              "err": {},
              "uuid": "575209fb-669c-4fa6-a8ac-c41a016326bd",
              "parentUUID": "ae143038-d995-49b7-90ff-191a2b24485a",
              "isHook": false,
              "skipped": false
            },
            {
              "title": "Selecting Studio Option From Menu",
              "fullTitle": "Invision Studio Tests - Products Selecting Studio Option From Menu",
              "timedOut": null,
              "duration": 8131,
              "state": "passed",
              "speed": "slow",
              "pass": true,
              "fail": false,
              "pending": false,
              "context": null,
              "code": "cy.selectStudio();",
              "err": {},
              "uuid": "5468e26c-c7e0-49c1-beb9-ad2a92c8452b",
              "parentUUID": "ae143038-d995-49b7-90ff-191a2b24485a",
              "isHook": false,
              "skipped": false
            },
            {
              "title": "Clicking On The products Sub Menu",
              "fullTitle": "Invision Studio Tests - Products Clicking On The products Sub Menu",
              "timedOut": null,
              "duration": 2199,
              "state": "passed",
              "speed": "slow",
              "pass": true,
              "fail": false,
              "pending": false,
              "context": null,
              "code": "cy.clickProductSubMenu();",
              "err": {},
              "uuid": "08ad3f2c-6c84-4985-9fae-482b5a509b80",
              "parentUUID": "ae143038-d995-49b7-90ff-191a2b24485a",
              "isHook": false,
              "skipped": false
            },
            {
              "title": "Searching For A Product And Clicking On The Product Link",
              "fullTitle": "Invision Studio Tests - Products Searching For A Product And Clicking On The Product Link",
              "timedOut": null,
              "duration": 15200,
              "state": "passed",
              "speed": "slow",
              "pass": true,
              "fail": false,
              "pending": false,
              "context": null,
              "code": "this.ProductTestData.Productname.forEach(function (element) {\n  cy.searchProduct(element);\n  cy.wait(1000);\n  if (cy.xpath(\"//a[@class='ng-binding ng-scope ng-isolate-scope c-smartTruncate is-truncated']\").should('exist')) {\n    cy.xpath(\"//a[@class='ng-binding ng-scope ng-isolate-scope c-smartTruncate is-truncated']\").click();\n    cy.wait(2000);\n    cy.xpath(\"//div[@class='c-heading-label ng-binding']\").should('have.text', 'General Information');\n    cy.xpath(\"//div[@class='c-button c-button--icon ng-scope ng-isolate-scope']\").should('exist');\n    cy.xpath(\"//div[@class='c-button c-button--primary ng-binding ng-scope']\").should('exist');\n    cy.xpath(\"//div[@class='c-openNewWindow']\").should('exist'); //cy.pause()\n    // Navigating Back to Products\n    cy.xpath(\"//div[@class='c-breadcrumb ng-binding']\").should('exist');\n    cy.xpath(\"//div[@class='c-breadcrumb ng-binding']\").click();\n    cy.wait(1000);\n    cy.xpath(\"//inv-icon[@class='c-erasableInput-icon ng-isolate-scope']//*[@class='c-icon']\").click();\n  }\n});",
              "err": {},
              "uuid": "02412144-72ed-46c1-b535-8e40857648af",
              "parentUUID": "ae143038-d995-49b7-90ff-191a2b24485a",
              "isHook": false,
              "skipped": false
            },
            {
              "title": "Logging Out Of Invision",
              "fullTitle": "Invision Studio Tests - Products Logging Out Of Invision",
              "timedOut": null,
              "duration": 2962,
              "state": "passed",
              "speed": "slow",
              "pass": true,
              "fail": false,
              "pending": false,
              "context": null,
              "code": "cy.invLogout();",
              "err": {},
              "uuid": "c7f47260-0eee-43df-bea9-a06a94a7e95a",
              "parentUUID": "ae143038-d995-49b7-90ff-191a2b24485a",
              "isHook": false,
              "skipped": false
            }
          ],
          "suites": [],
          "passes": [
            "575209fb-669c-4fa6-a8ac-c41a016326bd",
            "5468e26c-c7e0-49c1-beb9-ad2a92c8452b",
            "08ad3f2c-6c84-4985-9fae-482b5a509b80",
            "02412144-72ed-46c1-b535-8e40857648af",
            "c7f47260-0eee-43df-bea9-a06a94a7e95a"
          ],
          "failures": [],
          "pending": [],
          "skipped": [],
          "duration": 38280,
          "root": false,
          "rootEmpty": false,
          "_timeout": 2000
        }
      ],
      "passes": [],
      "failures": [],
      "pending": [],
      "skipped": [],
      "duration": 0,
      "root": true,
      "rootEmpty": true,
      "_timeout": 2000
    }
  ],
  "meta": {
    "mocha": {
      "version": "5.2.0"
    },
    "mochawesome": {
      "options": {
        "quiet": false,
        "reportFilename": "mochawesome",
        "saveHtml": false,
        "saveJson": true,
        "consoleReporter": "spec",
        "useInlineDiffs": false
      },
      "version": "4.1.0"
    },
    "marge": {
      "options": {
        "reportDir": "cypress/results/mochawesome-report",
        "overwrite": false,
        "html": false,
        "json": true,
        "timestamp": "mmddyyyy_HHMMss"
      },
      "version": "4.0.1"
    }
  }
}