{
  "stats": {
    "suites": 1,
    "tests": 5,
    "passes": 5,
    "pending": 0,
    "failures": 0,
    "start": "2019-11-11T16:53:44.701Z",
    "end": "2019-11-11T16:54:39.836Z",
    "duration": 55135,
    "testsRegistered": 5,
    "passPercent": 100,
    "pendingPercent": 0,
    "other": 0,
    "hasOther": false,
    "skipped": 0,
    "hasSkipped": false
  },
  "results": [
    {
      "uuid": "aafdde9d-92d0-4c47-abdb-392d509ba961",
      "title": "",
      "fullFile": "",
      "file": "",
      "beforeHooks": [],
      "afterHooks": [],
      "tests": [],
      "suites": [
        {
          "uuid": "b74c41d0-b5d2-4cdb-85e9-6f5bde509958",
          "title": "Invision Studio Tests - Products",
          "fullFile": "",
          "file": "",
          "beforeHooks": [],
          "afterHooks": [],
          "tests": [
            {
              "title": "Launch And Login To Invision",
              "fullTitle": "Invision Studio Tests - Products Launch And Login To Invision",
              "timedOut": null,
              "duration": 13110,
              "state": "passed",
              "speed": "slow",
              "pass": true,
              "fail": false,
              "pending": false,
              "context": null,
              "code": "cy.invLogin(this.ProductTestData.url, this.ProductTestData.Username, this.ProductTestData.Password);",
              "err": {},
              "uuid": "61903f08-0bf8-4137-b44e-cbf3316edfa7",
              "parentUUID": "b74c41d0-b5d2-4cdb-85e9-6f5bde509958",
              "isHook": false,
              "skipped": false
            },
            {
              "title": "Selecting Studio Option From Menu",
              "fullTitle": "Invision Studio Tests - Products Selecting Studio Option From Menu",
              "timedOut": null,
              "duration": 10130,
              "state": "passed",
              "speed": "slow",
              "pass": true,
              "fail": false,
              "pending": false,
              "context": null,
              "code": "cy.selectStudio();",
              "err": {},
              "uuid": "29a7eed2-397a-47d0-9bd9-387a8d91eab9",
              "parentUUID": "b74c41d0-b5d2-4cdb-85e9-6f5bde509958",
              "isHook": false,
              "skipped": false
            },
            {
              "title": "Clicking On The products Sub Menu",
              "fullTitle": "Invision Studio Tests - Products Clicking On The products Sub Menu",
              "timedOut": null,
              "duration": 2699,
              "state": "passed",
              "speed": "slow",
              "pass": true,
              "fail": false,
              "pending": false,
              "context": null,
              "code": "cy.clickProductSubMenu();",
              "err": {},
              "uuid": "6d4628b6-830a-4d38-9c6b-535bc3a5b48b",
              "parentUUID": "b74c41d0-b5d2-4cdb-85e9-6f5bde509958",
              "isHook": false,
              "skipped": false
            },
            {
              "title": "Searching For A Product And Clicking On The Product Link",
              "fullTitle": "Invision Studio Tests - Products Searching For A Product And Clicking On The Product Link",
              "timedOut": null,
              "duration": 18055,
              "state": "passed",
              "speed": "slow",
              "pass": true,
              "fail": false,
              "pending": false,
              "context": null,
              "code": "this.ProductTestData.Productname.forEach(function (element) {\n  cy.searchProduct(element);\n  cy.wait(1000);\n  if (cy.xpath(\"//a[@class='ng-binding ng-scope ng-isolate-scope c-smartTruncate is-truncated']\").should('exist')) {\n    cy.xpath(\"//a[@class='ng-binding ng-scope ng-isolate-scope c-smartTruncate is-truncated']\").click();\n    cy.wait(2000);\n    cy.xpath(\"//div[@class='c-heading-label ng-binding']\").should('have.text', 'General Information');\n    cy.xpath(\"//div[@class='c-button c-button--icon ng-scope ng-isolate-scope']\").should('exist');\n    cy.xpath(\"//div[@class='c-button c-button--primary ng-binding ng-scope']\").should('exist');\n    cy.xpath(\"//div[@class='c-openNewWindow']\").should('exist'); //cy.pause()\n    // Navigating Back to Products\n    cy.xpath(\"//div[@class='c-breadcrumb ng-binding']\").should('exist');\n    cy.xpath(\"//div[@class='c-breadcrumb ng-binding']\").click();\n    cy.wait(1000);\n    cy.xpath(\"//inv-icon[@class='c-erasableInput-icon ng-isolate-scope']//*[@class='c-icon']\").click();\n  }\n});",
              "err": {},
              "uuid": "e58b21a8-5164-44e9-a048-bdcd8bf37310",
              "parentUUID": "b74c41d0-b5d2-4cdb-85e9-6f5bde509958",
              "isHook": false,
              "skipped": false
            },
            {
              "title": "Logging Out Of Invision",
              "fullTitle": "Invision Studio Tests - Products Logging Out Of Invision",
              "timedOut": null,
              "duration": 8852,
              "state": "passed",
              "speed": "slow",
              "pass": true,
              "fail": false,
              "pending": false,
              "context": null,
              "code": "cy.invLogout();",
              "err": {},
              "uuid": "a10743d3-fa89-43f3-a51a-8353d687f207",
              "parentUUID": "b74c41d0-b5d2-4cdb-85e9-6f5bde509958",
              "isHook": false,
              "skipped": false
            }
          ],
          "suites": [],
          "passes": [
            "61903f08-0bf8-4137-b44e-cbf3316edfa7",
            "29a7eed2-397a-47d0-9bd9-387a8d91eab9",
            "6d4628b6-830a-4d38-9c6b-535bc3a5b48b",
            "e58b21a8-5164-44e9-a048-bdcd8bf37310",
            "a10743d3-fa89-43f3-a51a-8353d687f207"
          ],
          "failures": [],
          "pending": [],
          "skipped": [],
          "duration": 52846,
          "root": false,
          "rootEmpty": false,
          "_timeout": 2000
        }
      ],
      "passes": [],
      "failures": [],
      "pending": [],
      "skipped": [],
      "duration": 0,
      "root": true,
      "rootEmpty": true,
      "_timeout": 2000
    }
  ],
  "meta": {
    "mocha": {
      "version": "5.2.0"
    },
    "mochawesome": {
      "options": {
        "quiet": false,
        "reportFilename": "mochawesome",
        "saveHtml": false,
        "saveJson": true,
        "consoleReporter": "spec",
        "useInlineDiffs": false
      },
      "version": "4.1.0"
    },
    "marge": {
      "options": {
        "reportDir": "cypress/results/mochawesome-report",
        "overwrite": false,
        "html": false,
        "json": true,
        "timestamp": "mmddyyyy_HHMMss"
      },
      "version": "4.0.1"
    }
  }
}