{
  "stats": {
    "suites": 1,
    "tests": 6,
    "passes": 6,
    "pending": 0,
    "failures": 0,
    "start": "2019-11-11T00:55:46.113Z",
    "end": "2019-11-11T00:56:15.817Z",
    "duration": 29704,
    "testsRegistered": 6,
    "passPercent": 100,
    "pendingPercent": 0,
    "other": 0,
    "hasOther": false,
    "skipped": 0,
    "hasSkipped": false
  },
  "results": [
    {
      "uuid": "f774196f-641b-48ac-a5a8-46dea571f92c",
      "title": "",
      "fullFile": "",
      "file": "",
      "beforeHooks": [],
      "afterHooks": [],
      "tests": [],
      "suites": [
        {
          "uuid": "cdda8ad6-103b-43a5-8f9f-4ecd3294e3c6",
          "title": "Invision Customer Care Module - Subscriber Search",
          "fullFile": "",
          "file": "",
          "beforeHooks": [],
          "afterHooks": [],
          "tests": [
            {
              "title": "Launch And Login To Invision",
              "fullTitle": "Invision Customer Care Module - Subscriber Search Launch And Login To Invision",
              "timedOut": null,
              "duration": 8249,
              "state": "passed",
              "speed": "slow",
              "pass": true,
              "fail": false,
              "pending": false,
              "context": null,
              "code": "var loginPage = new _LoginPage[\"default\"]();\ncy.visit('https://qa10.invision.ascendon.tv/login');\ncy.wait(2000);\nloginPage.loginTextBox().should('exist');\nloginPage.loginTextBox().type('madman02');\nloginPage.loginPageNextBtn().should('have.text', 'Next');\nloginPage.loginPageNextBtn().click();\nloginPage.passwordTextBox().should('exist');\nloginPage.passwordTextBox().type('Mannu@1987');\nloginPage.loginBtn().should('exist');\nloginPage.loginBtn().click();\ncy.log('Invision Login Successful');\ncy.wait(3000);",
              "err": {},
              "uuid": "f64ed508-5471-4086-9a25-a1b85ad9a83b",
              "parentUUID": "cdda8ad6-103b-43a5-8f9f-4ecd3294e3c6",
              "isHook": false,
              "skipped": false
            },
            {
              "title": "Click On Menu Icon",
              "fullTitle": "Invision Customer Care Module - Subscriber Search Click On Menu Icon",
              "timedOut": null,
              "duration": 3454,
              "state": "passed",
              "speed": "slow",
              "pass": true,
              "fail": false,
              "pending": false,
              "context": null,
              "code": "cy.xpath(\"//div[@class='c-header-section c-header-logo ng-isolate-scope is-selectable c-header-menu']\").should('exist');\ncy.xpath(\"//div[@class='c-header-section c-header-logo ng-isolate-scope is-selectable c-header-menu']\").click('bottomRight');\ncy.log('Clicked On The Menu Icon On The Landing Page');\ncy.wait(2000);\ncy.xpath(\"//div[@class='c-popoutAppSwitcher-item c-popoutAppSwitcher-item--customerCare is-active']//*[@class='c-icon']\").click();",
              "err": {},
              "uuid": "c0dcb4db-99b6-4781-acb7-85e5e868e324",
              "parentUUID": "cdda8ad6-103b-43a5-8f9f-4ecd3294e3c6",
              "isHook": false,
              "skipped": false
            },
            {
              "title": "Searching For A Subscriber",
              "fullTitle": "Invision Customer Care Module - Subscriber Search Searching For A Subscriber",
              "timedOut": null,
              "duration": 4444,
              "state": "passed",
              "speed": "slow",
              "pass": true,
              "fail": false,
              "pending": false,
              "context": null,
              "code": "cy.xpath('//div[@class=\"c-callToAction-label ng-binding\"]').should('have.text', 'Welcome to Ascendon Customer Care');\ncy.get('#navigator-item-search > .c-navigatorItem-faceplate > .c-navigatorItem-icon > .c-icon').should('exist');\ncy.get('#navigator-item-search > .c-navigatorItem-faceplate > .c-navigatorItem-icon > .c-icon').click();\ncy.log('Clicked On The Search Icon On The Customer Page');\ncy.wait(2000);\ncy.xpath(\"//form[@id='customerSearchForm']//div[@class='c-searchPanel-header l-vertical-noShrink']\").should('exist');\ncy.xpath(\"//form[@id='customerSearchForm']//div[@class='c-searchPanel-header l-vertical-noShrink']\").should('contain.text', 'SEARCH');",
              "err": {},
              "uuid": "8ec499dd-684e-4b58-ab52-60262f3428e8",
              "parentUUID": "cdda8ad6-103b-43a5-8f9f-4ecd3294e3c6",
              "isHook": false,
              "skipped": false
            },
            {
              "title": "Enter Subscriber Id And Click Search",
              "fullTitle": "Invision Customer Care Module - Subscriber Search Enter Subscriber Id And Click Search",
              "timedOut": null,
              "duration": 2756,
              "state": "passed",
              "speed": "slow",
              "pass": true,
              "fail": false,
              "pending": false,
              "context": null,
              "code": "cy.get('#subscriberId').should('exist');\ncy.get('#subscriberId').type('347507');\ncy.log('Entered Subscriber id Successfully');\ncy.get('.c-searchPanel-actions > .c-button').should('exist');\ncy.get('.c-searchPanel-actions > .c-button').click();\ncy.wait(2000);\ncy.get('.c-navGroup-navList > .c-link').should('contain.text', 'maneesh.maddala@csgi.com');\ncy.log('The Email Address verified Successfully');",
              "err": {},
              "uuid": "aca197da-df90-4165-beaf-8eb753a131c0",
              "parentUUID": "cdda8ad6-103b-43a5-8f9f-4ecd3294e3c6",
              "isHook": false,
              "skipped": false
            },
            {
              "title": "Ordering A New Product",
              "fullTitle": "Invision Customer Care Module - Subscriber Search Ordering A New Product",
              "timedOut": null,
              "duration": 6287,
              "state": "passed",
              "speed": "slow",
              "pass": true,
              "fail": false,
              "pending": false,
              "context": null,
              "code": "cy.get('.c-navGroup-navList > :nth-child(1) > .ng-binding').should('exist');\ncy.get('.c-navGroup-navList > :nth-child(1) > .ng-binding').should('contain.text', 'Start Product Order');\ncy.get('.c-navGroup-navList > :nth-child(1) > .ng-binding').click();\ncy.log('Successfully Clicked On Start Product order Link');\ncy.wait(1000);\ncy.get('.c-searchForm-searchInput').type('Interstellar');\ncy.wait(1000);\ncy.xpath(\"//button[@class='c-selectButton u-ml+ ng-binding'][contains(.,'Go')]\").click();\ncy.log('Successfully Clicked On Go Button On The Products Page');\ncy.wait(2000);",
              "err": {},
              "uuid": "42a555e7-ceb0-470b-bb0e-e133dfb7ec6d",
              "parentUUID": "cdda8ad6-103b-43a5-8f9f-4ecd3294e3c6",
              "isHook": false,
              "skipped": false
            },
            {
              "title": "Logging Out Of Invision",
              "fullTitle": "Invision Customer Care Module - Subscriber Search Logging Out Of Invision",
              "timedOut": null,
              "duration": 2221,
              "state": "passed",
              "speed": "slow",
              "pass": true,
              "fail": false,
              "pending": false,
              "context": null,
              "code": "cy.xpath(\"//div[@class='c-button c-button--icon c-header-menu c-header-action l-centerBoth u-sizeFull']//*[@class='c-icon']\").click();\ncy.xpath(\"//div[contains(text(),'Logout')]\").click();\ncy.log('Clicked On The Logout Link Successfully');\ncy.get('.c-brand-logo').should('exist');\ncy.log('Logged out Of Invision Successfully');",
              "err": {},
              "uuid": "13a53746-2e24-4573-a4dc-d8ed24a161f1",
              "parentUUID": "cdda8ad6-103b-43a5-8f9f-4ecd3294e3c6",
              "isHook": false,
              "skipped": false
            }
          ],
          "suites": [],
          "passes": [
            "f64ed508-5471-4086-9a25-a1b85ad9a83b",
            "c0dcb4db-99b6-4781-acb7-85e5e868e324",
            "8ec499dd-684e-4b58-ab52-60262f3428e8",
            "aca197da-df90-4165-beaf-8eb753a131c0",
            "42a555e7-ceb0-470b-bb0e-e133dfb7ec6d",
            "13a53746-2e24-4573-a4dc-d8ed24a161f1"
          ],
          "failures": [],
          "pending": [],
          "skipped": [],
          "duration": 27411,
          "root": false,
          "rootEmpty": false,
          "_timeout": 2000
        }
      ],
      "passes": [],
      "failures": [],
      "pending": [],
      "skipped": [],
      "duration": 0,
      "root": true,
      "rootEmpty": true,
      "_timeout": 2000
    }
  ],
  "meta": {
    "mocha": {
      "version": "5.2.0"
    },
    "mochawesome": {
      "options": {
        "quiet": false,
        "reportFilename": "mochawesome",
        "saveHtml": false,
        "saveJson": true,
        "consoleReporter": "spec",
        "useInlineDiffs": false
      },
      "version": "4.1.0"
    },
    "marge": {
      "options": {
        "reportDir": "cypress/results/mochawesome-report",
        "overwrite": false,
        "html": false,
        "json": true,
        "timestamp": "mmddyyyy_HHMMss"
      },
      "version": "4.0.1"
    }
  }
}