{
  "stats": {
    "suites": 1,
    "tests": 5,
    "passes": 5,
    "pending": 0,
    "failures": 0,
    "start": "2019-11-11T17:36:31.614Z",
    "end": "2019-11-11T17:37:30.447Z",
    "duration": 58833,
    "testsRegistered": 5,
    "passPercent": 100,
    "pendingPercent": 0,
    "other": 0,
    "hasOther": false,
    "skipped": 0,
    "hasSkipped": false
  },
  "results": [
    {
      "uuid": "02b64c94-e971-4d42-b06d-c6ac3807a3e3",
      "title": "",
      "fullFile": "",
      "file": "",
      "beforeHooks": [],
      "afterHooks": [],
      "tests": [],
      "suites": [
        {
          "uuid": "c5b5505f-1f7c-4cc2-8e4b-20fd01bd54ea",
          "title": "Invision Studio Tests - Products",
          "fullFile": "",
          "file": "",
          "beforeHooks": [],
          "afterHooks": [],
          "tests": [
            {
              "title": "Launch And Login To Invision",
              "fullTitle": "Invision Studio Tests - Products Launch And Login To Invision",
              "timedOut": null,
              "duration": 13051,
              "state": "passed",
              "speed": "slow",
              "pass": true,
              "fail": false,
              "pending": false,
              "context": null,
              "code": "cy.invLogin(this.ProductTestData.url, this.ProductTestData.Username, this.ProductTestData.Password);",
              "err": {},
              "uuid": "84ad1e8a-9582-4457-b0fe-fb1160d28823",
              "parentUUID": "c5b5505f-1f7c-4cc2-8e4b-20fd01bd54ea",
              "isHook": false,
              "skipped": false
            },
            {
              "title": "Selecting Studio Option From Menu",
              "fullTitle": "Invision Studio Tests - Products Selecting Studio Option From Menu",
              "timedOut": null,
              "duration": 11589,
              "state": "passed",
              "speed": "slow",
              "pass": true,
              "fail": false,
              "pending": false,
              "context": null,
              "code": "cy.selectStudio();",
              "err": {},
              "uuid": "673049e7-a3af-4511-a7f5-5cdcffbed828",
              "parentUUID": "c5b5505f-1f7c-4cc2-8e4b-20fd01bd54ea",
              "isHook": false,
              "skipped": false
            },
            {
              "title": "Clicking On The products Sub Menu",
              "fullTitle": "Invision Studio Tests - Products Clicking On The products Sub Menu",
              "timedOut": null,
              "duration": 2596,
              "state": "passed",
              "speed": "slow",
              "pass": true,
              "fail": false,
              "pending": false,
              "context": null,
              "code": "cy.clickProductSubMenu();",
              "err": {},
              "uuid": "9adf0434-b2a7-4466-9e73-8226dd0b2fed",
              "parentUUID": "c5b5505f-1f7c-4cc2-8e4b-20fd01bd54ea",
              "isHook": false,
              "skipped": false
            },
            {
              "title": "Searching For A Product And Clicking On The Product Link",
              "fullTitle": "Invision Studio Tests - Products Searching For A Product And Clicking On The Product Link",
              "timedOut": null,
              "duration": 16018,
              "state": "passed",
              "speed": "slow",
              "pass": true,
              "fail": false,
              "pending": false,
              "context": null,
              "code": "this.ProductTestData.Productname.forEach(function (element) {\n  cy.searchProduct(element);\n  cy.wait(1000);\n  if (cy.xpath(\"//a[@class='ng-binding ng-scope ng-isolate-scope c-smartTruncate is-truncated']\").should('exist')) {\n    cy.xpath(\"//a[@class='ng-binding ng-scope ng-isolate-scope c-smartTruncate is-truncated']\").click();\n    cy.wait(2000);\n    cy.xpath(\"//div[@class='c-heading-label ng-binding']\").should('have.text', 'General Information');\n    cy.xpath(\"//div[@class='c-button c-button--icon ng-scope ng-isolate-scope']\").should('exist');\n    cy.xpath(\"//div[@class='c-button c-button--primary ng-binding ng-scope']\").should('exist');\n    cy.xpath(\"//div[@class='c-openNewWindow']\").should('exist'); //cy.pause()\n    // Navigating Back to Products\n    cy.xpath(\"//div[@class='c-breadcrumb ng-binding']\").should('exist');\n    cy.xpath(\"//div[@class='c-breadcrumb ng-binding']\").click();\n    cy.wait(1000);\n    cy.xpath(\"//inv-icon[@class='c-erasableInput-icon ng-isolate-scope']//*[@class='c-icon']\").click();\n  }\n});",
              "err": {},
              "uuid": "c22f3ca9-53aa-4fde-93a1-facd8251a316",
              "parentUUID": "c5b5505f-1f7c-4cc2-8e4b-20fd01bd54ea",
              "isHook": false,
              "skipped": false
            },
            {
              "title": "Logging Out Of Invision",
              "fullTitle": "Invision Studio Tests - Products Logging Out Of Invision",
              "timedOut": null,
              "duration": 13655,
              "state": "passed",
              "speed": "slow",
              "pass": true,
              "fail": false,
              "pending": false,
              "context": null,
              "code": "cy.invLogout();",
              "err": {},
              "uuid": "f7d7d264-bc6f-4ef6-a858-4ea3bf847e0d",
              "parentUUID": "c5b5505f-1f7c-4cc2-8e4b-20fd01bd54ea",
              "isHook": false,
              "skipped": false
            }
          ],
          "suites": [],
          "passes": [
            "84ad1e8a-9582-4457-b0fe-fb1160d28823",
            "673049e7-a3af-4511-a7f5-5cdcffbed828",
            "9adf0434-b2a7-4466-9e73-8226dd0b2fed",
            "c22f3ca9-53aa-4fde-93a1-facd8251a316",
            "f7d7d264-bc6f-4ef6-a858-4ea3bf847e0d"
          ],
          "failures": [],
          "pending": [],
          "skipped": [],
          "duration": 56909,
          "root": false,
          "rootEmpty": false,
          "_timeout": 2000
        }
      ],
      "passes": [],
      "failures": [],
      "pending": [],
      "skipped": [],
      "duration": 0,
      "root": true,
      "rootEmpty": true,
      "_timeout": 2000
    }
  ],
  "meta": {
    "mocha": {
      "version": "5.2.0"
    },
    "mochawesome": {
      "options": {
        "quiet": false,
        "reportFilename": "mochawesome",
        "saveHtml": false,
        "saveJson": true,
        "consoleReporter": "spec",
        "useInlineDiffs": false
      },
      "version": "4.1.0"
    },
    "marge": {
      "options": {
        "reportDir": "cypress/results/mochawesome-report",
        "overwrite": false,
        "html": false,
        "json": true,
        "timestamp": "mmddyyyy_HHMMss"
      },
      "version": "4.0.1"
    }
  }
}