{
  "stats": {
    "suites": 1,
    "tests": 6,
    "passes": 6,
    "pending": 0,
    "failures": 0,
    "start": "2019-11-11T00:52:23.039Z",
    "end": "2019-11-11T00:53:03.072Z",
    "duration": 40033,
    "testsRegistered": 6,
    "passPercent": 100,
    "pendingPercent": 0,
    "other": 0,
    "hasOther": false,
    "skipped": 0,
    "hasSkipped": false
  },
  "results": [
    {
      "uuid": "e3c26474-6566-4c1f-ba0f-ae9a303a19fa",
      "title": "",
      "fullFile": "",
      "file": "",
      "beforeHooks": [],
      "afterHooks": [],
      "tests": [],
      "suites": [
        {
          "uuid": "75318bf6-f0ab-4622-9d5f-268d632dac6f",
          "title": "Invision Customer Care Module - Subscriber Search",
          "fullFile": "",
          "file": "",
          "beforeHooks": [],
          "afterHooks": [],
          "tests": [
            {
              "title": "Launch And Login To Invision",
              "fullTitle": "Invision Customer Care Module - Subscriber Search Launch And Login To Invision",
              "timedOut": null,
              "duration": 9749,
              "state": "passed",
              "speed": "slow",
              "pass": true,
              "fail": false,
              "pending": false,
              "context": null,
              "code": "var loginPage = new _LoginPage[\"default\"]();\ncy.visit('https://qa10.invision.ascendon.tv/login');\ncy.wait(2000);\nloginPage.loginTextBox().should('exist');\nloginPage.loginTextBox().type('madman02');\nloginPage.loginPageNextBtn().should('have.text', 'Next');\nloginPage.loginPageNextBtn().click();\nloginPage.passwordTextBox().should('exist');\nloginPage.passwordTextBox().type('Mannu@1987');\nloginPage.loginBtn().should('exist');\nloginPage.loginBtn().click();\ncy.log('Invision Login Successful');\ncy.wait(3000);",
              "err": {},
              "uuid": "bc6c4ff9-f87e-4f05-a68f-ab5dd3111cc1",
              "parentUUID": "75318bf6-f0ab-4622-9d5f-268d632dac6f",
              "isHook": false,
              "skipped": false
            },
            {
              "title": "Click On Menu Icon",
              "fullTitle": "Invision Customer Care Module - Subscriber Search Click On Menu Icon",
              "timedOut": null,
              "duration": 6920,
              "state": "passed",
              "speed": "slow",
              "pass": true,
              "fail": false,
              "pending": false,
              "context": null,
              "code": "cy.xpath(\"//div[@class='c-header-section c-header-logo ng-isolate-scope is-selectable c-header-menu']\").should('exist');\ncy.xpath(\"//div[@class='c-header-section c-header-logo ng-isolate-scope is-selectable c-header-menu']\").click('bottomRight');\ncy.log('Clicked On The Menu Icon On The Landing Page');\ncy.wait(2000);\ncy.xpath(\"//div[@class='c-popoutAppSwitcher-item c-popoutAppSwitcher-item--customerCare is-active']//*[@class='c-icon']\").click();",
              "err": {},
              "uuid": "2c9f667f-04f5-4deb-b098-5d924fafcda4",
              "parentUUID": "75318bf6-f0ab-4622-9d5f-268d632dac6f",
              "isHook": false,
              "skipped": false
            },
            {
              "title": "Searching For A Subscriber",
              "fullTitle": "Invision Customer Care Module - Subscriber Search Searching For A Subscriber",
              "timedOut": null,
              "duration": 6294,
              "state": "passed",
              "speed": "slow",
              "pass": true,
              "fail": false,
              "pending": false,
              "context": null,
              "code": "cy.xpath('//div[@class=\"c-callToAction-label ng-binding\"]').should('have.text', 'Welcome to Ascendon Customer Care');\ncy.get('#navigator-item-search > .c-navigatorItem-faceplate > .c-navigatorItem-icon > .c-icon').should('exist');\ncy.get('#navigator-item-search > .c-navigatorItem-faceplate > .c-navigatorItem-icon > .c-icon').click();\ncy.log('Clicked On The Search Icon On The Customer Page');\ncy.wait(2000);\ncy.xpath(\"//form[@id='customerSearchForm']//div[@class='c-searchPanel-header l-vertical-noShrink']\").should('exist');\ncy.xpath(\"//form[@id='customerSearchForm']//div[@class='c-searchPanel-header l-vertical-noShrink']\").should('contain.text', 'SEARCH');",
              "err": {},
              "uuid": "db25d92d-cd78-4f56-be7e-96e90b18e202",
              "parentUUID": "75318bf6-f0ab-4622-9d5f-268d632dac6f",
              "isHook": false,
              "skipped": false
            },
            {
              "title": "Enter Subscriber Id And Click Search",
              "fullTitle": "Invision Customer Care Module - Subscriber Search Enter Subscriber Id And Click Search",
              "timedOut": null,
              "duration": 2808,
              "state": "passed",
              "speed": "slow",
              "pass": true,
              "fail": false,
              "pending": false,
              "context": null,
              "code": "cy.get('#subscriberId').should('exist');\ncy.get('#subscriberId').type('347507');\ncy.log('Entered Subscriber id Successfully');\ncy.get('.c-searchPanel-actions > .c-button').should('exist');\ncy.get('.c-searchPanel-actions > .c-button').click();\ncy.wait(2000);\ncy.get('.c-navGroup-navList > .c-link').should('contain.text', 'maneesh.maddala@csgi.com');\ncy.log('The Email Address verified Successfully');",
              "err": {},
              "uuid": "1b80486e-bb46-4288-8c19-a7fbdcf4655d",
              "parentUUID": "75318bf6-f0ab-4622-9d5f-268d632dac6f",
              "isHook": false,
              "skipped": false
            },
            {
              "title": "Ordering A New Product",
              "fullTitle": "Invision Customer Care Module - Subscriber Search Ordering A New Product",
              "timedOut": null,
              "duration": 6798,
              "state": "passed",
              "speed": "slow",
              "pass": true,
              "fail": false,
              "pending": false,
              "context": null,
              "code": "cy.get('.c-navGroup-navList > :nth-child(1) > .ng-binding').should('exist');\ncy.get('.c-navGroup-navList > :nth-child(1) > .ng-binding').should('contain.text', 'Start Product Order');\ncy.get('.c-navGroup-navList > :nth-child(1) > .ng-binding').click();\ncy.log('Successfully Clicked On Start Product order Link');\ncy.wait(1000);\ncy.get('.c-searchForm-searchInput').type('Interstellar');\ncy.wait(1000);\ncy.xpath(\"//button[@class='c-selectButton u-ml+ ng-binding'][contains(.,'Go')]\").click();\ncy.log('Successfully Clicked On Go Button On The Products Page');\ncy.wait(2000);",
              "err": {},
              "uuid": "28abf384-b321-467f-ae95-750de51840f9",
              "parentUUID": "75318bf6-f0ab-4622-9d5f-268d632dac6f",
              "isHook": false,
              "skipped": false
            },
            {
              "title": "Logging Out Of Invision",
              "fullTitle": "Invision Customer Care Module - Subscriber Search Logging Out Of Invision",
              "timedOut": null,
              "duration": 4850,
              "state": "passed",
              "speed": "slow",
              "pass": true,
              "fail": false,
              "pending": false,
              "context": null,
              "code": "cy.xpath(\"//div[@class='c-button c-button--icon c-header-menu c-header-action l-centerBoth u-sizeFull']//*[@class='c-icon']\").click();\ncy.xpath(\"//div[contains(text(),'Logout')]\").click();\ncy.log('Clicked On The Logout Link Successfully');\ncy.get('.c-brand-logo').should('exist');\ncy.log('Logged out Of Invision Successfully');",
              "err": {},
              "uuid": "a9ccf2e6-b95a-4718-aed2-1a1b670c39ee",
              "parentUUID": "75318bf6-f0ab-4622-9d5f-268d632dac6f",
              "isHook": false,
              "skipped": false
            }
          ],
          "suites": [],
          "passes": [
            "bc6c4ff9-f87e-4f05-a68f-ab5dd3111cc1",
            "2c9f667f-04f5-4deb-b098-5d924fafcda4",
            "db25d92d-cd78-4f56-be7e-96e90b18e202",
            "1b80486e-bb46-4288-8c19-a7fbdcf4655d",
            "28abf384-b321-467f-ae95-750de51840f9",
            "a9ccf2e6-b95a-4718-aed2-1a1b670c39ee"
          ],
          "failures": [],
          "pending": [],
          "skipped": [],
          "duration": 37419,
          "root": false,
          "rootEmpty": false,
          "_timeout": 2000
        }
      ],
      "passes": [],
      "failures": [],
      "pending": [],
      "skipped": [],
      "duration": 0,
      "root": true,
      "rootEmpty": true,
      "_timeout": 2000
    }
  ],
  "meta": {
    "mocha": {
      "version": "5.2.0"
    },
    "mochawesome": {
      "options": {
        "quiet": false,
        "reportFilename": "mochawesome",
        "saveHtml": false,
        "saveJson": true,
        "consoleReporter": "spec",
        "useInlineDiffs": false
      },
      "version": "4.1.0"
    },
    "marge": {
      "options": {
        "reportDir": "cypress/results/mochawesome-report",
        "overwrite": false,
        "html": false,
        "json": true,
        "timestamp": "mmddyyyy_HHMMss"
      },
      "version": "4.0.1"
    }
  }
}