{
  "stats": {
    "suites": 1,
    "tests": 6,
    "passes": 6,
    "pending": 0,
    "failures": 0,
    "start": "2019-11-11T00:54:20.090Z",
    "end": "2019-11-11T00:54:51.936Z",
    "duration": 31846,
    "testsRegistered": 6,
    "passPercent": 100,
    "pendingPercent": 0,
    "other": 0,
    "hasOther": false,
    "skipped": 0,
    "hasSkipped": false
  },
  "results": [
    {
      "uuid": "fccaa8bc-4b51-4e09-9fa0-faf4ce3ffed3",
      "title": "",
      "fullFile": "",
      "file": "",
      "beforeHooks": [],
      "afterHooks": [],
      "tests": [],
      "suites": [
        {
          "uuid": "3c1586c3-ddad-4634-adbf-4737ae2d887f",
          "title": "Invision Studio Tests - Channel",
          "fullFile": "",
          "file": "",
          "beforeHooks": [],
          "afterHooks": [],
          "tests": [
            {
              "title": "Launch And Login To Invision",
              "fullTitle": "Invision Studio Tests - Channel Launch And Login To Invision",
              "timedOut": null,
              "duration": 10161,
              "state": "passed",
              "speed": "slow",
              "pass": true,
              "fail": false,
              "pending": false,
              "context": null,
              "code": "cy.invLogin(this.ChannelTestData.url, this.ChannelTestData.Username, this.ChannelTestData.Password);",
              "err": {},
              "uuid": "824d8f29-6978-412d-a53c-4f0430ecdfc0",
              "parentUUID": "3c1586c3-ddad-4634-adbf-4737ae2d887f",
              "isHook": false,
              "skipped": false
            },
            {
              "title": "Selecting Studio Option From Menu",
              "fullTitle": "Invision Studio Tests - Channel Selecting Studio Option From Menu",
              "timedOut": null,
              "duration": 8683,
              "state": "passed",
              "speed": "slow",
              "pass": true,
              "fail": false,
              "pending": false,
              "context": null,
              "code": "cy.selectStudio();",
              "err": {},
              "uuid": "4067347b-532c-4ecd-a1ee-35b7f9aa4dd9",
              "parentUUID": "3c1586c3-ddad-4634-adbf-4737ae2d887f",
              "isHook": false,
              "skipped": false
            },
            {
              "title": "Clicking On The Channel Sub Menu",
              "fullTitle": "Invision Studio Tests - Channel Clicking On The Channel Sub Menu",
              "timedOut": null,
              "duration": 2348,
              "state": "passed",
              "speed": "slow",
              "pass": true,
              "fail": false,
              "pending": false,
              "context": null,
              "code": "cy.clickChannelSubMenu();",
              "err": {},
              "uuid": "0a950cef-a91b-4e6e-b4f4-fe536af1a710",
              "parentUUID": "3c1586c3-ddad-4634-adbf-4737ae2d887f",
              "isHook": false,
              "skipped": false
            },
            {
              "title": "Searching For A Channel",
              "fullTitle": "Invision Studio Tests - Channel Searching For A Channel",
              "timedOut": null,
              "duration": 2360,
              "state": "passed",
              "speed": "slow",
              "pass": true,
              "fail": false,
              "pending": false,
              "context": null,
              "code": "cy.searchChannel(this.ChannelTestData.ChannelName);",
              "err": {},
              "uuid": "d2cb2686-78c0-4493-9ca7-2b584a90a9d8",
              "parentUUID": "3c1586c3-ddad-4634-adbf-4737ae2d887f",
              "isHook": false,
              "skipped": false
            },
            {
              "title": "Clicking On The Channel Link",
              "fullTitle": "Invision Studio Tests - Channel Clicking On The Channel Link",
              "timedOut": null,
              "duration": 2270,
              "state": "passed",
              "speed": "slow",
              "pass": true,
              "fail": false,
              "pending": false,
              "context": null,
              "code": "if (cy.xpath(\"//div[@class='u-flex u-flexMiddle u-flexSpaced']\").should('exist')) {\n  cy.xpath(\"//div[@class='u-flex u-flexMiddle u-flexSpaced']\").should('have.length', 3);\n  cy.xpath(\"//div[@class='u-flex u-flexMiddle u-flexSpaced']\").each(function ($el, index, $list) {\n    var chnlName = $el.find('a.ng-binding.ng-isolate-scope.c-smartTruncate.is-truncated').text();\n    cy.log(chnlName);\n    if (chnlName.includes('Chicago')) {\n      cy.contains('ABC (Chicago)').click();\n    }\n  });\n  cy.wait(2000);\n  cy.xpath(\"//div[@class='c-heading-label ng-binding']\").should('have.text', 'General Information'); //Validation Using Jquery\n  cy.xpath(\"//div[@class='c-heading-label ng-binding']\").then(function (strtext) {\n    cy.log(strtext.text());\n  });\n  cy.xpath(\"//div[@class='c-button c-button--icon ng-scope ng-isolate-scope']\").should('exist');\n  cy.xpath(\"//button[@class='c-button c-button--primary ng-binding']\").should('exist');\n  cy.xpath(\"//open-new-window[@class='ng-isolate-scope']\").should('exist');\n}",
              "err": {},
              "uuid": "fe49dd19-cc9e-4a2c-a4fc-45f087b22ce2",
              "parentUUID": "3c1586c3-ddad-4634-adbf-4737ae2d887f",
              "isHook": false,
              "skipped": false
            },
            {
              "title": "Logging Out Of Invision",
              "fullTitle": "Invision Studio Tests - Channel Logging Out Of Invision",
              "timedOut": null,
              "duration": 2602,
              "state": "passed",
              "speed": "slow",
              "pass": true,
              "fail": false,
              "pending": false,
              "context": null,
              "code": "cy.invLogout();",
              "err": {},
              "uuid": "25785f52-d651-4ffe-a752-6b7b31634689",
              "parentUUID": "3c1586c3-ddad-4634-adbf-4737ae2d887f",
              "isHook": false,
              "skipped": false
            }
          ],
          "suites": [],
          "passes": [
            "824d8f29-6978-412d-a53c-4f0430ecdfc0",
            "4067347b-532c-4ecd-a1ee-35b7f9aa4dd9",
            "0a950cef-a91b-4e6e-b4f4-fe536af1a710",
            "d2cb2686-78c0-4493-9ca7-2b584a90a9d8",
            "fe49dd19-cc9e-4a2c-a4fc-45f087b22ce2",
            "25785f52-d651-4ffe-a752-6b7b31634689"
          ],
          "failures": [],
          "pending": [],
          "skipped": [],
          "duration": 28424,
          "root": false,
          "rootEmpty": false,
          "_timeout": 2000
        }
      ],
      "passes": [],
      "failures": [],
      "pending": [],
      "skipped": [],
      "duration": 0,
      "root": true,
      "rootEmpty": true,
      "_timeout": 2000
    }
  ],
  "meta": {
    "mocha": {
      "version": "5.2.0"
    },
    "mochawesome": {
      "options": {
        "quiet": false,
        "reportFilename": "mochawesome",
        "saveHtml": false,
        "saveJson": true,
        "consoleReporter": "spec",
        "useInlineDiffs": false
      },
      "version": "4.1.0"
    },
    "marge": {
      "options": {
        "reportDir": "cypress/results/mochawesome-report",
        "overwrite": false,
        "html": false,
        "json": true,
        "timestamp": "mmddyyyy_HHMMss"
      },
      "version": "4.0.1"
    }
  }
}