{
  "stats": {
    "suites": 1,
    "tests": 6,
    "passes": 6,
    "pending": 0,
    "failures": 0,
    "start": "2019-11-11T00:50:15.531Z",
    "end": "2019-11-11T00:51:07.659Z",
    "duration": 52128,
    "testsRegistered": 6,
    "passPercent": 100,
    "pendingPercent": 0,
    "other": 0,
    "hasOther": false,
    "skipped": 0,
    "hasSkipped": false
  },
  "results": [
    {
      "uuid": "546c65e5-348e-42b1-8bd1-a5f3cc53119a",
      "title": "",
      "fullFile": "",
      "file": "",
      "beforeHooks": [],
      "afterHooks": [],
      "tests": [],
      "suites": [
        {
          "uuid": "19469a76-6204-4694-aa68-c2816ff6b220",
          "title": "Invision Studio Tests - Channel",
          "fullFile": "",
          "file": "",
          "beforeHooks": [],
          "afterHooks": [],
          "tests": [
            {
              "title": "Launch And Login To Invision",
              "fullTitle": "Invision Studio Tests - Channel Launch And Login To Invision",
              "timedOut": null,
              "duration": 16354,
              "state": "passed",
              "speed": "slow",
              "pass": true,
              "fail": false,
              "pending": false,
              "context": null,
              "code": "cy.invLogin(this.ChannelTestData.url, this.ChannelTestData.Username, this.ChannelTestData.Password);",
              "err": {},
              "uuid": "23a6bb3c-5612-4e21-8ac6-a3e1352f6d66",
              "parentUUID": "19469a76-6204-4694-aa68-c2816ff6b220",
              "isHook": false,
              "skipped": false
            },
            {
              "title": "Selecting Studio Option From Menu",
              "fullTitle": "Invision Studio Tests - Channel Selecting Studio Option From Menu",
              "timedOut": null,
              "duration": 19134,
              "state": "passed",
              "speed": "slow",
              "pass": true,
              "fail": false,
              "pending": false,
              "context": null,
              "code": "cy.selectStudio();",
              "err": {},
              "uuid": "99822cb4-0d6d-4fda-8069-fdbe31045848",
              "parentUUID": "19469a76-6204-4694-aa68-c2816ff6b220",
              "isHook": false,
              "skipped": false
            },
            {
              "title": "Clicking On The Channel Sub Menu",
              "fullTitle": "Invision Studio Tests - Channel Clicking On The Channel Sub Menu",
              "timedOut": null,
              "duration": 4602,
              "state": "passed",
              "speed": "slow",
              "pass": true,
              "fail": false,
              "pending": false,
              "context": null,
              "code": "cy.clickChannelSubMenu();",
              "err": {},
              "uuid": "8f75e7a8-9ddf-41a7-8f9a-54f6c31c5b97",
              "parentUUID": "19469a76-6204-4694-aa68-c2816ff6b220",
              "isHook": false,
              "skipped": false
            },
            {
              "title": "Searching For A Channel",
              "fullTitle": "Invision Studio Tests - Channel Searching For A Channel",
              "timedOut": null,
              "duration": 2385,
              "state": "passed",
              "speed": "slow",
              "pass": true,
              "fail": false,
              "pending": false,
              "context": null,
              "code": "cy.searchChannel(this.ChannelTestData.ChannelName);",
              "err": {},
              "uuid": "16d0aca3-1e61-4904-bd70-a3289707c4ad",
              "parentUUID": "19469a76-6204-4694-aa68-c2816ff6b220",
              "isHook": false,
              "skipped": false
            },
            {
              "title": "Clicking On The Channel Link",
              "fullTitle": "Invision Studio Tests - Channel Clicking On The Channel Link",
              "timedOut": null,
              "duration": 2297,
              "state": "passed",
              "speed": "slow",
              "pass": true,
              "fail": false,
              "pending": false,
              "context": null,
              "code": "if (cy.xpath(\"//div[@class='u-flex u-flexMiddle u-flexSpaced']\").should('exist')) {\n  cy.xpath(\"//div[@class='u-flex u-flexMiddle u-flexSpaced']\").should('have.length', 3);\n  cy.xpath(\"//div[@class='u-flex u-flexMiddle u-flexSpaced']\").each(function ($el, index, $list) {\n    var chnlName = $el.find('a.ng-binding.ng-isolate-scope.c-smartTruncate.is-truncated').text();\n    cy.log(chnlName);\n    if (chnlName.includes('Chicago')) {\n      cy.contains('ABC (Chicago)').click();\n    }\n  });\n  cy.wait(2000);\n  cy.xpath(\"//div[@class='c-heading-label ng-binding']\").should('have.text', 'General Information'); //Validation Using Jquery\n  cy.xpath(\"//div[@class='c-heading-label ng-binding']\").then(function (strtext) {\n    cy.log(strtext.text());\n  });\n  cy.xpath(\"//div[@class='c-button c-button--icon ng-scope ng-isolate-scope']\").should('exist');\n  cy.xpath(\"//button[@class='c-button c-button--primary ng-binding']\").should('exist');\n  cy.xpath(\"//open-new-window[@class='ng-isolate-scope']\").should('exist');\n}",
              "err": {},
              "uuid": "55788f26-38f1-4c4a-b2a3-4a698b2a3b87",
              "parentUUID": "19469a76-6204-4694-aa68-c2816ff6b220",
              "isHook": false,
              "skipped": false
            },
            {
              "title": "Logging Out Of Invision",
              "fullTitle": "Invision Studio Tests - Channel Logging Out Of Invision",
              "timedOut": null,
              "duration": 3767,
              "state": "passed",
              "speed": "slow",
              "pass": true,
              "fail": false,
              "pending": false,
              "context": null,
              "code": "cy.invLogout();",
              "err": {},
              "uuid": "4346e7c0-fe9f-4962-8a4f-df1eec3e668d",
              "parentUUID": "19469a76-6204-4694-aa68-c2816ff6b220",
              "isHook": false,
              "skipped": false
            }
          ],
          "suites": [],
          "passes": [
            "23a6bb3c-5612-4e21-8ac6-a3e1352f6d66",
            "99822cb4-0d6d-4fda-8069-fdbe31045848",
            "8f75e7a8-9ddf-41a7-8f9a-54f6c31c5b97",
            "16d0aca3-1e61-4904-bd70-a3289707c4ad",
            "55788f26-38f1-4c4a-b2a3-4a698b2a3b87",
            "4346e7c0-fe9f-4962-8a4f-df1eec3e668d"
          ],
          "failures": [],
          "pending": [],
          "skipped": [],
          "duration": 48539,
          "root": false,
          "rootEmpty": false,
          "_timeout": 2000
        }
      ],
      "passes": [],
      "failures": [],
      "pending": [],
      "skipped": [],
      "duration": 0,
      "root": true,
      "rootEmpty": true,
      "_timeout": 2000
    }
  ],
  "meta": {
    "mocha": {
      "version": "5.2.0"
    },
    "mochawesome": {
      "options": {
        "quiet": false,
        "reportFilename": "mochawesome",
        "saveHtml": false,
        "saveJson": true,
        "consoleReporter": "spec",
        "useInlineDiffs": false
      },
      "version": "4.1.0"
    },
    "marge": {
      "options": {
        "reportDir": "cypress/results/mochawesome-report",
        "overwrite": false,
        "html": false,
        "json": true,
        "timestamp": "mmddyyyy_HHMMss"
      },
      "version": "4.0.1"
    }
  }
}