{
  "stats": {
    "suites": 1,
    "tests": 5,
    "passes": 5,
    "pending": 0,
    "failures": 0,
    "start": "2019-11-10T23:18:17.102Z",
    "end": "2019-11-10T23:19:02.607Z",
    "duration": 45505,
    "testsRegistered": 5,
    "passPercent": 100,
    "pendingPercent": 0,
    "other": 0,
    "hasOther": false,
    "skipped": 0,
    "hasSkipped": false
  },
  "results": [
    {
      "uuid": "b6657f39-336a-4ee0-bd8d-97a294dd9f4e",
      "title": "",
      "fullFile": "",
      "file": "",
      "beforeHooks": [],
      "afterHooks": [],
      "tests": [],
      "suites": [
        {
          "uuid": "e2f9727a-4790-4f95-9aeb-62c12cab824a",
          "title": "Invision Studio Tests - Products",
          "fullFile": "",
          "file": "",
          "beforeHooks": [],
          "afterHooks": [],
          "tests": [
            {
              "title": "Launch And Login To Invision",
              "fullTitle": "Invision Studio Tests - Products Launch And Login To Invision",
              "timedOut": null,
              "duration": 9740,
              "state": "passed",
              "speed": "slow",
              "pass": true,
              "fail": false,
              "pending": false,
              "context": null,
              "code": "cy.invLogin(this.ProductTestData.url, this.ProductTestData.Username, this.ProductTestData.Password);",
              "err": {},
              "uuid": "4ae3802f-3b74-4c15-af94-d86b5c9c756d",
              "parentUUID": "e2f9727a-4790-4f95-9aeb-62c12cab824a",
              "isHook": false,
              "skipped": false
            },
            {
              "title": "Selecting Studio Option From Menu",
              "fullTitle": "Invision Studio Tests - Products Selecting Studio Option From Menu",
              "timedOut": null,
              "duration": 10862,
              "state": "passed",
              "speed": "slow",
              "pass": true,
              "fail": false,
              "pending": false,
              "context": null,
              "code": "cy.selectStudio();",
              "err": {},
              "uuid": "f55f2855-ece7-4326-9b53-d7e6e54ab4bd",
              "parentUUID": "e2f9727a-4790-4f95-9aeb-62c12cab824a",
              "isHook": false,
              "skipped": false
            },
            {
              "title": "Clicking On The products Sub Menu",
              "fullTitle": "Invision Studio Tests - Products Clicking On The products Sub Menu",
              "timedOut": null,
              "duration": 2236,
              "state": "passed",
              "speed": "slow",
              "pass": true,
              "fail": false,
              "pending": false,
              "context": null,
              "code": "cy.clickProductSubMenu();",
              "err": {},
              "uuid": "0e79c695-74df-48ac-9f63-b3e8f5cb6b07",
              "parentUUID": "e2f9727a-4790-4f95-9aeb-62c12cab824a",
              "isHook": false,
              "skipped": false
            },
            {
              "title": "Searching For A Product And Clicking On The Product Link",
              "fullTitle": "Invision Studio Tests - Products Searching For A Product And Clicking On The Product Link",
              "timedOut": null,
              "duration": 15577,
              "state": "passed",
              "speed": "slow",
              "pass": true,
              "fail": false,
              "pending": false,
              "context": null,
              "code": "this.ProductTestData.Productname.forEach(function (element) {\n  cy.searchProduct(element);\n  cy.wait(1000);\n  if (cy.xpath(\"//a[@class='ng-binding ng-scope ng-isolate-scope c-smartTruncate is-truncated']\").should('exist')) {\n    cy.xpath(\"//a[@class='ng-binding ng-scope ng-isolate-scope c-smartTruncate is-truncated']\").click();\n    cy.wait(2000);\n    cy.xpath(\"//div[@class='c-heading-label ng-binding']\").should('have.text', 'General Information');\n    cy.xpath(\"//div[@class='c-button c-button--icon ng-scope ng-isolate-scope']\").should('exist');\n    cy.xpath(\"//div[@class='c-button c-button--primary ng-binding ng-scope']\").should('exist');\n    cy.xpath(\"//div[@class='c-openNewWindow']\").should('exist'); //cy.pause()\n    // Navigating Back to Products\n    cy.xpath(\"//div[@class='c-breadcrumb ng-binding']\").should('exist');\n    cy.xpath(\"//div[@class='c-breadcrumb ng-binding']\").click();\n    cy.wait(1000);\n    cy.xpath(\"//inv-icon[@class='c-erasableInput-icon ng-isolate-scope']//*[@class='c-icon']\").click();\n  }\n});",
              "err": {},
              "uuid": "7e50fffa-f4f6-4a1c-b31f-e6186c1e9ddd",
              "parentUUID": "e2f9727a-4790-4f95-9aeb-62c12cab824a",
              "isHook": false,
              "skipped": false
            },
            {
              "title": "Logging Out Of Invision",
              "fullTitle": "Invision Studio Tests - Products Logging Out Of Invision",
              "timedOut": null,
              "duration": 4753,
              "state": "passed",
              "speed": "slow",
              "pass": true,
              "fail": false,
              "pending": false,
              "context": null,
              "code": "cy.invLogout();",
              "err": {},
              "uuid": "d6aeffa0-e11f-48b6-83ae-1f085c088f4e",
              "parentUUID": "e2f9727a-4790-4f95-9aeb-62c12cab824a",
              "isHook": false,
              "skipped": false
            }
          ],
          "suites": [],
          "passes": [
            "4ae3802f-3b74-4c15-af94-d86b5c9c756d",
            "f55f2855-ece7-4326-9b53-d7e6e54ab4bd",
            "0e79c695-74df-48ac-9f63-b3e8f5cb6b07",
            "7e50fffa-f4f6-4a1c-b31f-e6186c1e9ddd",
            "d6aeffa0-e11f-48b6-83ae-1f085c088f4e"
          ],
          "failures": [],
          "pending": [],
          "skipped": [],
          "duration": 43168,
          "root": false,
          "rootEmpty": false,
          "_timeout": 2000
        }
      ],
      "passes": [],
      "failures": [],
      "pending": [],
      "skipped": [],
      "duration": 0,
      "root": true,
      "rootEmpty": true,
      "_timeout": 2000
    }
  ],
  "meta": {
    "mocha": {
      "version": "5.2.0"
    },
    "mochawesome": {
      "options": {
        "quiet": false,
        "reportFilename": "mochawesome",
        "saveHtml": false,
        "saveJson": true,
        "consoleReporter": "spec",
        "useInlineDiffs": false
      },
      "version": "4.1.0"
    },
    "marge": {
      "options": {
        "reportDir": "cypress/results/mochawesome-report",
        "overwrite": false,
        "html": false,
        "json": true,
        "timestamp": "mmddyyyy_HHMMss"
      },
      "version": "4.0.1"
    }
  }
}