{
  "stats": {
    "suites": 1,
    "tests": 1,
    "passes": 0,
    "pending": 0,
    "failures": 1,
    "start": "2019-11-11T17:32:24.720Z",
    "end": "2019-11-11T17:33:34.505Z",
    "duration": 69785,
    "testsRegistered": 6,
    "passPercent": 0,
    "pendingPercent": 0,
    "other": 0,
    "hasOther": false,
    "skipped": 5,
    "hasSkipped": true
  },
  "results": [
    {
      "uuid": "fc92b215-42df-41c6-a40f-f4116060f28f",
      "title": "",
      "fullFile": "",
      "file": "",
      "beforeHooks": [],
      "afterHooks": [],
      "tests": [],
      "suites": [
        {
          "uuid": "6b25cf55-e6ef-4da4-99ba-76bc16d5f69d",
          "title": "Invision Studio Tests - Channel",
          "fullFile": "",
          "file": "",
          "beforeHooks": [],
          "afterHooks": [],
          "tests": [
            {
              "title": "Launch And Login To Invision",
              "fullTitle": "Invision Studio Tests - Channel Launch And Login To Invision",
              "timedOut": null,
              "duration": 60561,
              "state": "failed",
              "speed": null,
              "pass": false,
              "fail": true,
              "pending": false,
              "context": null,
              "code": "cy.invLogin(this.ChannelTestData.url, this.ChannelTestData.Username, this.ChannelTestData.Password);",
              "err": {
                "message": "CypressError: Timed out after waiting '60000ms' for your remote page to load.\n\nYour page did not fire its 'load' event within '60000ms'.\n\nYou can try increasing the 'pageLoadTimeout' value in 'cypress.json' to wait longer.\n\nBrowsers will not fire the 'load' event until all stylesheets and scripts are done downloading.\n\nWhen this 'load' event occurs, Cypress will continue running commands.",
                "estack": "CypressError: Timed out after waiting '60000ms' for your remote page to load.\n\nYour page did not fire its 'load' event within '60000ms'.\n\nYou can try increasing the 'pageLoadTimeout' value in 'cypress.json' to wait longer.\n\nBrowsers will not fire the 'load' event until all stylesheets and scripts are done downloading.\n\nWhen this 'load' event occurs, Cypress will continue running commands.\n    at Object.cypressErr (https://invision.qa1.ascendon.tv/__cypress/runner/cypress_runner.js:104940:11)\n    at Object.throwErr (https://invision.qa1.ascendon.tv/__cypress/runner/cypress_runner.js:104895:18)\n    at Object.throwErrByPath (https://invision.qa1.ascendon.tv/__cypress/runner/cypress_runner.js:104927:17)\n    at timedOutWaitingForPageLoad (https://invision.qa1.ascendon.tv/__cypress/runner/cypress_runner.js:90311:17)\n    at https://invision.qa1.ascendon.tv/__cypress/runner/cypress_runner.js:91090:16\n    at tryCatcher (https://invision.qa1.ascendon.tv/__cypress/runner/cypress_runner.js:138979:23)\n    at https://invision.qa1.ascendon.tv/__cypress/runner/cypress_runner.js:134120:41\n    at tryCatcher (https://invision.qa1.ascendon.tv/__cypress/runner/cypress_runner.js:138979:23)\n    at Promise._settlePromiseFromHandler (https://invision.qa1.ascendon.tv/__cypress/runner/cypress_runner.js:136915:31)\n    at Promise._settlePromise (https://invision.qa1.ascendon.tv/__cypress/runner/cypress_runner.js:136972:18)\n    at Promise._settlePromise0 (https://invision.qa1.ascendon.tv/__cypress/runner/cypress_runner.js:137017:10)\n    at Promise._settlePromises (https://invision.qa1.ascendon.tv/__cypress/runner/cypress_runner.js:137092:18)\n    at Async../node_modules/bluebird/js/release/async.js.Async._drainQueue (https://invision.qa1.ascendon.tv/__cypress/runner/cypress_runner.js:133704:16)\n    at Async../node_modules/bluebird/js/release/async.js.Async._drainQueues (https://invision.qa1.ascendon.tv/__cypress/runner/cypress_runner.js:133714:10)\n    at Async.drainQueues (https://invision.qa1.ascendon.tv/__cypress/runner/cypress_runner.js:133588:14)",
                "diff": null
              },
              "uuid": "23488efd-3607-4055-8b22-da5a6246948a",
              "parentUUID": "6b25cf55-e6ef-4da4-99ba-76bc16d5f69d",
              "isHook": false,
              "skipped": false
            },
            {
              "title": "Selecting Studio Option From Menu",
              "fullTitle": "Invision Studio Tests - Channel Selecting Studio Option From Menu",
              "timedOut": null,
              "duration": 0,
              "state": "skipped",
              "speed": null,
              "pass": false,
              "fail": false,
              "pending": false,
              "context": null,
              "code": "cy.selectStudio();",
              "err": {},
              "uuid": "c62d94bf-9eeb-4011-b3dc-c49e3f8a7c88",
              "parentUUID": "6b25cf55-e6ef-4da4-99ba-76bc16d5f69d",
              "isHook": false,
              "skipped": true
            },
            {
              "title": "Clicking On The Channel Sub Menu",
              "fullTitle": "Invision Studio Tests - Channel Clicking On The Channel Sub Menu",
              "timedOut": null,
              "duration": 0,
              "state": "skipped",
              "speed": null,
              "pass": false,
              "fail": false,
              "pending": false,
              "context": null,
              "code": "cy.clickChannelSubMenu();",
              "err": {},
              "uuid": "c7ae095e-d317-4e54-b16c-9d4a04dbceff",
              "parentUUID": "6b25cf55-e6ef-4da4-99ba-76bc16d5f69d",
              "isHook": false,
              "skipped": true
            },
            {
              "title": "Searching For A Channel",
              "fullTitle": "Invision Studio Tests - Channel Searching For A Channel",
              "timedOut": null,
              "duration": 0,
              "state": "skipped",
              "speed": null,
              "pass": false,
              "fail": false,
              "pending": false,
              "context": null,
              "code": "cy.searchChannel(this.ChannelTestData.ChannelName);",
              "err": {},
              "uuid": "9cc76f04-63ef-4b39-a4eb-041e8502675b",
              "parentUUID": "6b25cf55-e6ef-4da4-99ba-76bc16d5f69d",
              "isHook": false,
              "skipped": true
            },
            {
              "title": "Clicking On The Channel Link",
              "fullTitle": "Invision Studio Tests - Channel Clicking On The Channel Link",
              "timedOut": null,
              "duration": 0,
              "state": "skipped",
              "speed": null,
              "pass": false,
              "fail": false,
              "pending": false,
              "context": null,
              "code": "if (cy.xpath(\"//div[@class='u-flex u-flexMiddle u-flexSpaced']\").should('exist')) {\n  cy.xpath(\"//div[@class='u-flex u-flexMiddle u-flexSpaced']\").should('have.length', 3);\n  cy.xpath(\"//div[@class='u-flex u-flexMiddle u-flexSpaced']\").each(function ($el, index, $list) {\n    var chnlName = $el.find('a.ng-binding.ng-isolate-scope.c-smartTruncate.is-truncated').text();\n    cy.log(chnlName);\n    if (chnlName.includes('Chicago')) {\n      cy.contains('ABC (Chicago)').click();\n    }\n  });\n  cy.wait(2000);\n  cy.xpath(\"//div[@class='c-heading-label ng-binding']\").should('have.text', 'General Information'); //Validation Using Jquery\n  cy.xpath(\"//div[@class='c-heading-label ng-binding']\").then(function (strtext) {\n    cy.log(strtext.text());\n  });\n  cy.xpath(\"//div[@class='c-button c-button--icon ng-scope ng-isolate-scope']\").should('exist');\n  cy.xpath(\"//button[@class='c-button c-button--primary ng-binding']\").should('exist');\n  cy.xpath(\"//open-new-window[@class='ng-isolate-scope']\").should('exist');\n}",
              "err": {},
              "uuid": "4e3472d0-e991-495e-8b84-99112c8e4bb3",
              "parentUUID": "6b25cf55-e6ef-4da4-99ba-76bc16d5f69d",
              "isHook": false,
              "skipped": true
            },
            {
              "title": "Logging Out Of Invision",
              "fullTitle": "Invision Studio Tests - Channel Logging Out Of Invision",
              "timedOut": null,
              "duration": 0,
              "state": "skipped",
              "speed": null,
              "pass": false,
              "fail": false,
              "pending": false,
              "context": null,
              "code": "cy.invLogout();",
              "err": {},
              "uuid": "3c11e281-c8bf-446e-9514-0132224aa497",
              "parentUUID": "6b25cf55-e6ef-4da4-99ba-76bc16d5f69d",
              "isHook": false,
              "skipped": true
            }
          ],
          "suites": [],
          "passes": [],
          "failures": [
            "23488efd-3607-4055-8b22-da5a6246948a"
          ],
          "pending": [],
          "skipped": [
            "c62d94bf-9eeb-4011-b3dc-c49e3f8a7c88",
            "c7ae095e-d317-4e54-b16c-9d4a04dbceff",
            "9cc76f04-63ef-4b39-a4eb-041e8502675b",
            "4e3472d0-e991-495e-8b84-99112c8e4bb3",
            "3c11e281-c8bf-446e-9514-0132224aa497"
          ],
          "duration": 60561,
          "root": false,
          "rootEmpty": false,
          "_timeout": 2000
        }
      ],
      "passes": [],
      "failures": [],
      "pending": [],
      "skipped": [],
      "duration": 0,
      "root": true,
      "rootEmpty": true,
      "_timeout": 2000
    }
  ],
  "meta": {
    "mocha": {
      "version": "5.2.0"
    },
    "mochawesome": {
      "options": {
        "quiet": false,
        "reportFilename": "mochawesome",
        "saveHtml": false,
        "saveJson": true,
        "consoleReporter": "spec",
        "useInlineDiffs": false
      },
      "version": "4.1.0"
    },
    "marge": {
      "options": {
        "reportDir": "cypress/results/mochawesome-report",
        "overwrite": false,
        "html": false,
        "json": true,
        "timestamp": "mmddyyyy_HHMMss"
      },
      "version": "4.0.1"
    }
  }
}